<?xml version="1.0" encoding="UTF-8"?>
<testsuite xmlns:xsi="http://www.w3.org/2001/XMLSchema-instance" xsi:noNamespaceSchemaLocation="https://maven.apache.org/surefire/maven-surefire-plugin/xsd/surefire-test-report-3.0.xsd" version="3.0" name="com.oms.catalog.CatalogApplicationTests" time="2.252" tests="1" errors="0" skipped="0" failures="0">
  <properties>
[...]
</properties>
  <testcase name="contextLoads" classname="com.oms.catalog.CatalogApplicationTests" time="0.003">
    <system-out><![CDATA[2025-08-05 00:28:00.017 [main] INFO  o.s.t.c.s.AnnotationConfigContextLoaderUtils - [test-correlation-id] Could not detect default configuration classes for test class [com.oms.catalog.CatalogApplicationTests]: CatalogApplicationTests does not declare any static, non-private, non-final, nested classes annotated with @Configuration.
2025-08-05 00:28:00.054 [main] INFO  o.s.b.t.c.SpringBootTestContextBootstrapper - [test-correlation-id] Found @SpringBootConfiguration com.oms.catalog.CatalogApplication for test class com.oms.catalog.CatalogApplicationTests

  .   ____          _            __ _ _
 /\\ / ___'_ __ _ _(_)_ __  __ _ \ \ \ \
( ( )\___ | '_ | '_| | '_ \/ _` | \ \ \ \
 \\/  ___)| |_)| | | | | || (_| |  ) ) ) )
  '  |____| .__|_| |_|_| |_\__, | / / / /
 =========|_|==============|___/=/_/_/_/

 :: Spring Boot ::                (v3.5.3)

2025-08-05 00:28:00.161 [main] INFO  c.o.catalog.CatalogApplicationTests - [test-correlation-id] Starting CatalogApplicationTests using Java 17.0.16 with PID 21632 (started by i527379 in /Users/i527379/workspace/order-management-service/catalog)
2025-08-05 00:28:00.161 [main] INFO  c.o.catalog.CatalogApplicationTests - [test-correlation-id] No active profile set, falling back to 1 default profile: "default"
2025-08-05 00:28:00.337 [main] INFO  o.s.d.r.c.RepositoryConfigurationDelegate - [test-correlation-id] Bootstrapping Spring Data JPA repositories in DEFAULT mode.
2025-08-05 00:28:00.357 [main] INFO  o.s.d.r.c.RepositoryConfigurationDelegate - [test-correlation-id] Finished Spring Data repository scanning in 16 ms. Found 1 JPA repository interface.
2025-08-05 00:28:00.479 [main] INFO  com.zaxxer.hikari.HikariDataSource - [test-correlation-id] HikariPool-1 - Starting...
2025-08-05 00:28:00.537 [main] INFO  com.zaxxer.hikari.pool.HikariPool - [test-correlation-id] HikariPool-1 - Added connection conn0: url=jdbc:h2:mem:testdb user=SA
2025-08-05 00:28:00.537 [main] INFO  com.zaxxer.hikari.HikariDataSource - [test-correlation-id] HikariPool-1 - Start completed.
2025-08-05 00:28:00.687 [main] INFO  liquibase.changelog - [test-correlation-id] Creating database changelog table with name: PUBLIC.DATABASECHANGELOG
2025-08-05 00:28:00.720 [main] INFO  liquibase.changelog - [test-correlation-id] Reading from PUBLIC.DATABASECHANGELOG
2025-08-05 00:28:00.724 [main] INFO  liquibase.snapshot - [test-correlation-id] Creating snapshot
2025-08-05 00:28:00.747 [main] INFO  liquibase.lockservice - [test-correlation-id] Successfully acquired change log lock
2025-08-05 00:28:00.747 [main] INFO  liquibase.command - [test-correlation-id] Using deploymentId: 4333880474
2025-08-05 00:28:00.748 [main] INFO  liquibase.changelog - [test-correlation-id] Reading from PUBLIC.DATABASECHANGELOG
2025-08-05 00:28:00.754 [main] INFO  liquibase.ui - [test-correlation-id] Running Changeset: liquibase-catalog-changelog.xml::create-table::abhiTatachar2000
2025-08-05 00:28:00.758 [main] INFO  liquibase.changelog - [test-correlation-id] Table catelog_items created
2025-08-05 00:28:00.758 [main] INFO  liquibase.changelog - [test-correlation-id] ChangeSet liquibase-catalog-changelog.xml::create-table::abhiTatachar2000 ran successfully in 4ms
2025-08-05 00:28:00.761 [main] INFO  liquibase.util - [test-correlation-id] UPDATE SUMMARY
2025-08-05 00:28:00.761 [main] INFO  liquibase.util - [test-correlation-id] Run:                          1
2025-08-05 00:28:00.761 [main] INFO  liquibase.util - [test-correlation-id] Previously run:               0
2025-08-05 00:28:00.761 [main] INFO  liquibase.util - [test-correlation-id] Filtered out:                 0
2025-08-05 00:28:00.761 [main] INFO  liquibase.util - [test-correlation-id] -------------------------------
2025-08-05 00:28:00.761 [main] INFO  liquibase.util - [test-correlation-id] Total change sets:            1
2025-08-05 00:28:00.761 [main] INFO  liquibase.util - [test-correlation-id] Update summary generated
2025-08-05 00:28:00.762 [main] INFO  liquibase.command - [test-correlation-id] Update command completed successfully.
2025-08-05 00:28:00.762 [main] INFO  liquibase.ui - [test-correlation-id] Liquibase: Update has been successful. Rows affected: 0
2025-08-05 00:28:00.763 [main] INFO  liquibase.lockservice - [test-correlation-id] Successfully released change log lock
2025-08-05 00:28:00.763 [main] INFO  liquibase.command - [test-correlation-id] Command execution complete
2025-08-05 00:28:01.652 [main] INFO  o.h.jpa.internal.util.LogHelper - [test-correlation-id] HHH000204: Processing PersistenceUnitInfo [name: default]
2025-08-05 00:28:01.676 [main] INFO  org.hibernate.Version - [test-correlation-id] HHH000412: Hibernate ORM core version 6.6.18.Final
2025-08-05 00:28:01.687 [main] INFO  o.h.c.i.RegionFactoryInitiator - [test-correlation-id] HHH000026: Second-level cache disabled
2025-08-05 00:28:01.727 [main] INFO  o.s.o.j.p.SpringPersistenceUnitInfo - [test-correlation-id] No LoadTimeWeaver setup: ignoring JPA class transformer
2025-08-05 00:28:01.741 [main] WARN  org.hibernate.orm.deprecation - [test-correlation-id] HHH90000025: H2Dialect does not need to be specified explicitly using 'hibernate.dialect' (remove the property setting and it will be selected by default)
2025-08-05 00:28:01.746 [main] INFO  o.hibernate.orm.connections.pooling - [test-correlation-id] HHH10001005: Database info:
	Database JDBC URL [Connecting through datasource 'HikariDataSource (HikariPool-1)']
	Database driver: undefined/unknown
	Database version: 2.3.232
	Autocommit mode: undefined/unknown
	Isolation level: undefined/unknown
	Minimum pool size: undefined/unknown
	Maximum pool size: undefined/unknown
2025-08-05 00:28:01.956 [main] INFO  o.h.e.t.j.p.i.JtaPlatformInitiator - [test-correlation-id] HHH000489: No JTA platform available (set 'hibernate.transaction.jta.platform' to enable JTA platform integration)
2025-08-05 00:28:01.958 [main] INFO  o.s.o.j.LocalContainerEntityManagerFactoryBean - [test-correlation-id] Initialized JPA EntityManagerFactory for persistence unit 'default'
2025-08-05 00:28:02.139 [main] WARN  o.s.b.a.o.j.JpaBaseConfiguration$JpaWebConfiguration - [test-correlation-id] spring.jpa.open-in-view is enabled by default. Therefore, database queries may be performed during view rendering. Explicitly configure spring.jpa.open-in-view to disable this warning
2025-08-05 00:28:02.236 [main] INFO  c.o.catalog.CatalogApplicationTests - [test-correlation-id] Started CatalogApplicationTests in 2.143 seconds (process running for 3.061)
]]></system-out>
  </testcase>
</testsuite>