<?xml version="1.0" encoding="UTF-8"?>
<testsuite xmlns:xsi="http://www.w3.org/2001/XMLSchema-instance" xsi:noNamespaceSchemaLocation="https://maven.apache.org/surefire/maven-surefire-plugin/xsd/surefire-test-report-3.0.xsd" version="3.0" name="com.oms.catalog.controller.CatalogControllerTest" time="0.34" tests="17" errors="0" skipped="0" failures="0">
  <properties>
[...]
</properties>
  <testcase name="shouldthrow5xxIfItemDeletionFailsBecauseOfException" classname="com.oms.catalog.controller.CatalogControllerTest" time="0.053">
    <system-out><![CDATA[2025-07-27 01:54:45.109 [main] INFO  o.s.t.c.s.AnnotationConfigContextLoaderUtils - [] Could not detect default configuration classes for test class [com.oms.catalog.controller.CatalogControllerTest]: CatalogControllerTest does not declare any static, non-private, non-final, nested classes annotated with @Configuration.
2025-07-27 01:54:45.117 [main] INFO  o.s.b.t.c.SpringBootTestContextBootstrapper - [] Found @SpringBootConfiguration com.oms.catalog.CatalogApplication for test class com.oms.catalog.controller.CatalogControllerTest

  .   ____          _            __ _ _
 /\\ / ___'_ __ _ _(_)_ __  __ _ \ \ \ \
( ( )\___ | '_ | '_| | '_ \/ _` | \ \ \ \
 \\/  ___)| |_)| | | | | || (_| |  ) ) ) )
  '  |____| .__|_| |_|_| |_\__, | / / / /
 =========|_|==============|___/=/_/_/_/

 :: Spring Boot ::                (v3.5.3)

2025-07-27 01:54:45.125 [main] INFO  c.o.c.c.CatalogControllerTest - [] Starting CatalogControllerTest using Java 17.0.16 with PID 93994 (started by i527379 in /Users/i527379/workspace/order-management-service/catalog)
2025-07-27 01:54:45.125 [main] INFO  c.o.c.c.CatalogControllerTest - [] No active profile set, falling back to 1 default profile: "default"
2025-07-27 01:54:45.283 [main] INFO  o.s.b.t.m.w.SpringBootMockServletContext - [] Initializing Spring TestDispatcherServlet ''
2025-07-27 01:54:45.283 [main] INFO  o.s.t.w.s.TestDispatcherServlet - [] Initializing Servlet ''
2025-07-27 01:54:45.284 [main] INFO  o.s.t.w.s.TestDispatcherServlet - [] Completed initialization in 1 ms
2025-07-27 01:54:45.292 [main] INFO  c.o.c.c.CatalogControllerTest - [] Started CatalogControllerTest in 0.174 seconds (process running for 3.034)
2025-07-27 01:54:45.336 [main] INFO  c.o.c.controller.CatalogController - [] Received request to delete item with id 1 in the catalog
]]></system-out>
  </testcase>
  <testcase name="shouldThrow404IfNoItemsOfProvidedCategoryExists" classname="com.oms.catalog.controller.CatalogControllerTest" time="0.007">
    <system-out><![CDATA[2025-07-27 01:54:45.354 [main] INFO  c.o.c.controller.CatalogController - [] Received request to delete all items of category category1 in the catalog
]]></system-out>
  </testcase>
  <testcase name="shouldGetOneItem" classname="com.oms.catalog.controller.CatalogControllerTest" time="0.031">
    <system-out><![CDATA[2025-07-27 01:54:45.357 [main] INFO  c.o.c.controller.CatalogController - [] Received request to fetch item with id 1 in the catalog
]]></system-out>
  </testcase>
  <testcase name="shouldCreateNewItemsSuccessfully" classname="com.oms.catalog.controller.CatalogControllerTest" time="0.017">
    <system-out><![CDATA[2025-07-27 01:54:45.402 [main] INFO  c.o.c.controller.CatalogController - [] Received request to create a new item in the catalog
]]></system-out>
  </testcase>
  <testcase name="shouldReturnAllItemsOfRequiredCategory" classname="com.oms.catalog.controller.CatalogControllerTest" time="0.007">
    <system-out><![CDATA[2025-07-27 01:54:45.406 [main] INFO  c.o.c.controller.CatalogController - [] Received request to fetch all items of category category1 in the catalog
]]></system-out>
  </testcase>
  <testcase name="shouldThrow5xxErrorIfExceptionOccursWhileFindingTheElement" classname="com.oms.catalog.controller.CatalogControllerTest" time="0.002">
    <system-out><![CDATA[2025-07-27 01:54:45.414 [main] INFO  c.o.c.controller.CatalogController - [] Received request to fetch item with id 1 in the catalog
]]></system-out>
    <system-err><![CDATA[java.lang.RuntimeException
]]></system-err>
  </testcase>
  <testcase name="shouldReturn404IfItemNotFound" classname="com.oms.catalog.controller.CatalogControllerTest" time="0.003">
    <system-out><![CDATA[2025-07-27 01:54:45.417 [main] INFO  c.o.c.controller.CatalogController - [] Received request to fetch item with id 1 in the catalog
]]></system-out>
  </testcase>
  <testcase name="shouldThrow404IfItemNotFoundForDeletion" classname="com.oms.catalog.controller.CatalogControllerTest" time="0.002">
    <system-out><![CDATA[2025-07-27 01:54:45.419 [main] INFO  c.o.c.controller.CatalogController - [] Received request to delete item with id 1 in the catalog
]]></system-out>
  </testcase>
  <testcase name="shouldDeleteItemForProvidedId" classname="com.oms.catalog.controller.CatalogControllerTest" time="0.002">
    <system-out><![CDATA[2025-07-27 01:54:45.422 [main] INFO  c.o.c.controller.CatalogController - [] Received request to delete item with id 1 in the catalog
]]></system-out>
  </testcase>
  <testcase name="testGetAllItems" classname="com.oms.catalog.controller.CatalogControllerTest" time="0.002">
    <system-out><![CDATA[2025-07-27 01:54:45.424 [main] INFO  c.o.c.controller.CatalogController - [] Received request to fetch all items in the catalog
]]></system-out>
  </testcase>
  <testcase name="shouldUpdateItemsWithSpecifiedId" classname="com.oms.catalog.controller.CatalogControllerTest" time="0.004">
    <system-out><![CDATA[2025-07-27 01:54:45.428 [main] INFO  c.o.c.controller.CatalogController - [] Received request to update item with id 1 in the catalog
]]></system-out>
  </testcase>
  <testcase name="shouldThrow5xxErrorWhenUpdatingItemFails" classname="com.oms.catalog.controller.CatalogControllerTest" time="0.002">
    <system-out><![CDATA[2025-07-27 01:54:45.431 [main] INFO  c.o.c.controller.CatalogController - [] Received request to update item with id 1 in the catalog
]]></system-out>
  </testcase>
  <testcase name="shouldThrow5xxStatusCodeIfDeletionByCategoryFailsBecauseOfException" classname="com.oms.catalog.controller.CatalogControllerTest" time="0.003">
    <system-out><![CDATA[2025-07-27 01:54:45.435 [main] INFO  c.o.c.controller.CatalogController - [] Received request to delete all items of category category1 in the catalog
]]></system-out>
  </testcase>
  <testcase name="shouldThrow5xxErrorIfCreatingNewItemsFails" classname="com.oms.catalog.controller.CatalogControllerTest" time="0.003">
    <system-out><![CDATA[2025-07-27 01:54:45.438 [main] INFO  c.o.c.controller.CatalogController - [] Received request to create a new item in the catalog
]]></system-out>
    <system-err><![CDATA[java.lang.RuntimeException
]]></system-err>
  </testcase>
  <testcase name="shouldThrowServerSideErrorIfFetchAllFails" classname="com.oms.catalog.controller.CatalogControllerTest" time="0.003">
    <system-out><![CDATA[2025-07-27 01:54:45.440 [main] INFO  c.o.c.controller.CatalogController - [] Received request to fetch all items in the catalog
]]></system-out>
    <system-err><![CDATA[java.lang.RuntimeException
]]></system-err>
  </testcase>
  <testcase name="shouldThrow5xxErrorIfFetchingByCategpryFails" classname="com.oms.catalog.controller.CatalogControllerTest" time="0.002">
    <system-out><![CDATA[2025-07-27 01:54:45.443 [main] INFO  c.o.c.controller.CatalogController - [] Received request to fetch all items of category category1 in the catalog
]]></system-out>
  </testcase>
  <testcase name="shouldDeleteAllItemsOfTheProvidedCategory" classname="com.oms.catalog.controller.CatalogControllerTest" time="0.002">
    <system-out><![CDATA[2025-07-27 01:54:45.446 [main] INFO  c.o.c.controller.CatalogController - [] Received request to delete all items of category category1 in the catalog
]]></system-out>
  </testcase>
</testsuite>