<?xml version="1.0" encoding="UTF-8"?>
<testsuite xmlns:xsi="http://www.w3.org/2001/XMLSchema-instance" xsi:noNamespaceSchemaLocation="https://maven.apache.org/surefire/maven-surefire-plugin/xsd/surefire-test-report-3.0.xsd" version="3.0" name="com.oms.catalog.repository.CatalogRepositoryTest" time="0.129" tests="10" errors="0" skipped="0" failures="0">
  <properties>
[...]
</properties>
  <testcase name="deletesSpecficCatalogItem" classname="com.oms.catalog.repository.CatalogRepositoryTest" time="0.069">
    <system-out><![CDATA[2025-07-28 01:58:45.857 [main] INFO  o.s.t.c.s.AnnotationConfigContextLoaderUtils - [] Could not detect default configuration classes for test class [com.oms.catalog.repository.CatalogRepositoryTest]: CatalogRepositoryTest does not declare any static, non-private, non-final, nested classes annotated with @Configuration.
2025-07-28 01:58:45.860 [main] INFO  o.s.b.t.c.SpringBootTestContextBootstrapper - [] Found @SpringBootConfiguration com.oms.catalog.CatalogApplication for test class com.oms.catalog.repository.CatalogRepositoryTest
]]></system-out>
  </testcase>
  <testcase name="findsAllItemsInTheCatalog" classname="com.oms.catalog.repository.CatalogRepositoryTest" time="0.004"/>
  <testcase name="savesNewItemToTheDB" classname="com.oms.catalog.repository.CatalogRepositoryTest" time="0.003"/>
  <testcase name="findsElementById" classname="com.oms.catalog.repository.CatalogRepositoryTest" time="0.003"/>
  <testcase name="deletesItemsOfASpecificCategory" classname="com.oms.catalog.repository.CatalogRepositoryTest" time="0.021"/>
  <testcase name="deletesAllCatalogItems" classname="com.oms.catalog.repository.CatalogRepositoryTest" time="0.006"/>
  <testcase name="returnsEmptyListIfNoItemsOfACategoryExist" classname="com.oms.catalog.repository.CatalogRepositoryTest" time="0.005"/>
  <testcase name="ifItemDoesNotExistReturnsNull" classname="com.oms.catalog.repository.CatalogRepositoryTest" time="0.004"/>
  <testcase name="ifNoItemsExistReturnsEmptyList" classname="com.oms.catalog.repository.CatalogRepositoryTest" time="0.002"/>
  <testcase name="findsAllItemsByCategory" classname="com.oms.catalog.repository.CatalogRepositoryTest" time="0.005"/>
</testsuite>